
flash_carp.elf:     file format elf32-littleriscv


Disassembly of section .text:

10000000 <_ftext>:
10000000:	0b00006f          	j	100000b0 <crt_init>
10000004:	00000013          	nop
10000008:	00000013          	nop
1000000c:	00000013          	nop
10000010:	00000013          	nop
10000014:	00000013          	nop
10000018:	00000013          	nop
1000001c:	00000013          	nop

10000020 <trap_entry>:
10000020:	fe112e23          	sw	ra,-4(sp)
10000024:	fe512c23          	sw	t0,-8(sp)
10000028:	fe612a23          	sw	t1,-12(sp)
1000002c:	fe712823          	sw	t2,-16(sp)
10000030:	fea12623          	sw	a0,-20(sp)
10000034:	feb12423          	sw	a1,-24(sp)
10000038:	fec12223          	sw	a2,-28(sp)
1000003c:	fed12023          	sw	a3,-32(sp)
10000040:	fce12e23          	sw	a4,-36(sp)
10000044:	fcf12c23          	sw	a5,-40(sp)
10000048:	fd012a23          	sw	a6,-44(sp)
1000004c:	fd112823          	sw	a7,-48(sp)
10000050:	fdc12623          	sw	t3,-52(sp)
10000054:	fdd12423          	sw	t4,-56(sp)
10000058:	fde12223          	sw	t5,-60(sp)
1000005c:	fdf12023          	sw	t6,-64(sp)
10000060:	fc010113          	add	sp,sp,-64
10000064:	110000ef          	jal	10000174 <isr>
10000068:	03c12083          	lw	ra,60(sp)
1000006c:	03812283          	lw	t0,56(sp)
10000070:	03412303          	lw	t1,52(sp)
10000074:	03012383          	lw	t2,48(sp)
10000078:	02c12503          	lw	a0,44(sp)
1000007c:	02812583          	lw	a1,40(sp)
10000080:	02412603          	lw	a2,36(sp)
10000084:	02012683          	lw	a3,32(sp)
10000088:	01c12703          	lw	a4,28(sp)
1000008c:	01812783          	lw	a5,24(sp)
10000090:	01412803          	lw	a6,20(sp)
10000094:	01012883          	lw	a7,16(sp)
10000098:	00c12e03          	lw	t3,12(sp)
1000009c:	00812e83          	lw	t4,8(sp)
100000a0:	00412f03          	lw	t5,4(sp)
100000a4:	00012f83          	lw	t6,0(sp)
100000a8:	04010113          	add	sp,sp,64
100000ac:	30200073          	mret

100000b0 <crt_init>:
100000b0:	40000113          	li	sp,1024
100000b4:	00000517          	auipc	a0,0x0
100000b8:	f6c50513          	add	a0,a0,-148 # 10000020 <trap_entry>
100000bc:	30551073          	csrw	mtvec,a0

100000c0 <data_init>:
100000c0:	00000513          	li	a0,0
100000c4:	00000593          	li	a1,0
100000c8:	00001617          	auipc	a2,0x1
100000cc:	33860613          	add	a2,a2,824 # 10001400 <_erodata>

100000d0 <data_loop>:
100000d0:	00b50c63          	beq	a0,a1,100000e8 <bss_init>
100000d4:	00062683          	lw	a3,0(a2)
100000d8:	00d52023          	sw	a3,0(a0)
100000dc:	00450513          	add	a0,a0,4
100000e0:	00460613          	add	a2,a2,4
100000e4:	fedff06f          	j	100000d0 <data_loop>

100000e8 <bss_init>:
100000e8:	00000513          	li	a0,0
100000ec:	00800593          	li	a1,8

100000f0 <bss_loop>:
100000f0:	00b50863          	beq	a0,a1,10000100 <bss_done>
100000f4:	00052023          	sw	zero,0(a0)
100000f8:	00450513          	add	a0,a0,4
100000fc:	ff5ff06f          	j	100000f0 <bss_loop>

10000100 <bss_done>:
10000100:	00001537          	lui	a0,0x1
10000104:	88050513          	add	a0,a0,-1920 # 880 <_fstack+0x480>
10000108:	30451073          	csrw	mie,a0
1000010c:	78d000ef          	jal	10001098 <main>

10000110 <infinit_loop>:
10000110:	0000006f          	j	10000110 <infinit_loop>

10000114 <flush_cpu_icache>:
10000114:	ff010113          	add	sp,sp,-16
10000118:	00812623          	sw	s0,12(sp)
1000011c:	01010413          	add	s0,sp,16
10000120:	00000013          	nop
10000124:	00c12403          	lw	s0,12(sp)
10000128:	01010113          	add	sp,sp,16
1000012c:	00008067          	ret

10000130 <flush_cpu_dcache>:
10000130:	ff010113          	add	sp,sp,-16
10000134:	00812623          	sw	s0,12(sp)
10000138:	01010413          	add	s0,sp,16
1000013c:	00000013          	nop
10000140:	00c12403          	lw	s0,12(sp)
10000144:	01010113          	add	sp,sp,16
10000148:	00008067          	ret

1000014c <irq_setmask>:
1000014c:	fe010113          	add	sp,sp,-32
10000150:	00812e23          	sw	s0,28(sp)
10000154:	02010413          	add	s0,sp,32
10000158:	fea42623          	sw	a0,-20(s0)
1000015c:	fec42783          	lw	a5,-20(s0)
10000160:	bc079073          	csrw	0xbc0,a5
10000164:	00000013          	nop
10000168:	01c12403          	lw	s0,28(sp)
1000016c:	02010113          	add	sp,sp,32
10000170:	00008067          	ret

10000174 <isr>:
10000174:	ff010113          	add	sp,sp,-16
10000178:	00112623          	sw	ra,12(sp)
1000017c:	00812423          	sw	s0,8(sp)
10000180:	01010413          	add	s0,sp,16
10000184:	00000513          	li	a0,0
10000188:	fc5ff0ef          	jal	1000014c <irq_setmask>
1000018c:	f00057b7          	lui	a5,0xf0005
10000190:	01c78793          	add	a5,a5,28 # f000501c <_erodata+0xe0003c1c>
10000194:	0007a023          	sw	zero,0(a5)
10000198:	f00057b7          	lui	a5,0xf0005
1000019c:	00c78793          	add	a5,a5,12 # f000500c <_erodata+0xe0003c0c>
100001a0:	00100713          	li	a4,1
100001a4:	00e7a023          	sw	a4,0(a5)
100001a8:	f00057b7          	lui	a5,0xf0005
100001ac:	01078793          	add	a5,a5,16 # f0005010 <_erodata+0xe0003c10>
100001b0:	0007a783          	lw	a5,0(a5)
100001b4:	00079863          	bnez	a5,100001c4 <isr+0x50>
100001b8:	00100713          	li	a4,1
100001bc:	00e01023          	sh	a4,0(zero) # 0 <flag>
100001c0:	0180006f          	j	100001d8 <isr+0x64>
100001c4:	f00057b7          	lui	a5,0xf0005
100001c8:	01c78793          	add	a5,a5,28 # f000501c <_erodata+0xe0003c1c>
100001cc:	00100713          	li	a4,1
100001d0:	00e7a023          	sw	a4,0(a5)
100001d4:	00000013          	nop
100001d8:	00c12083          	lw	ra,12(sp)
100001dc:	00812403          	lw	s0,8(sp)
100001e0:	01010113          	add	sp,sp,16
100001e4:	00008067          	ret

100001e8 <flush_cpu_icache>:
100001e8:	ff010113          	add	sp,sp,-16
100001ec:	00812623          	sw	s0,12(sp)
100001f0:	01010413          	add	s0,sp,16
100001f4:	00000013          	nop
100001f8:	00c12403          	lw	s0,12(sp)
100001fc:	01010113          	add	sp,sp,16
10000200:	00008067          	ret

10000204 <flush_cpu_dcache>:
10000204:	ff010113          	add	sp,sp,-16
10000208:	00812623          	sw	s0,12(sp)
1000020c:	01010413          	add	s0,sp,16
10000210:	00000013          	nop
10000214:	00c12403          	lw	s0,12(sp)
10000218:	01010113          	add	sp,sp,16
1000021c:	00008067          	ret

10000220 <putchar>:
10000220:	fe010113          	add	sp,sp,-32
10000224:	00112e23          	sw	ra,28(sp)
10000228:	00812c23          	sw	s0,24(sp)
1000022c:	02010413          	add	s0,sp,32
10000230:	00050793          	mv	a5,a0
10000234:	fef407a3          	sb	a5,-17(s0)
10000238:	fef44703          	lbu	a4,-17(s0)
1000023c:	00a00793          	li	a5,10
10000240:	00f71663          	bne	a4,a5,1000024c <putchar+0x2c>
10000244:	00d00513          	li	a0,13
10000248:	fd9ff0ef          	jal	10000220 <putchar>
1000024c:	00000013          	nop
10000250:	f00067b7          	lui	a5,0xf0006
10000254:	80478793          	add	a5,a5,-2044 # f0005804 <_erodata+0xe0004404>
10000258:	0007a703          	lw	a4,0(a5)
1000025c:	00100793          	li	a5,1
10000260:	fef708e3          	beq	a4,a5,10000250 <putchar+0x30>
10000264:	f00067b7          	lui	a5,0xf0006
10000268:	80078793          	add	a5,a5,-2048 # f0005800 <_erodata+0xe0004400>
1000026c:	fef44703          	lbu	a4,-17(s0)
10000270:	00e7a023          	sw	a4,0(a5)
10000274:	00000013          	nop
10000278:	01c12083          	lw	ra,28(sp)
1000027c:	01812403          	lw	s0,24(sp)
10000280:	02010113          	add	sp,sp,32
10000284:	00008067          	ret

10000288 <print>:
10000288:	fe010113          	add	sp,sp,-32
1000028c:	00112e23          	sw	ra,28(sp)
10000290:	00812c23          	sw	s0,24(sp)
10000294:	02010413          	add	s0,sp,32
10000298:	fea42623          	sw	a0,-20(s0)
1000029c:	01c0006f          	j	100002b8 <print+0x30>
100002a0:	fec42783          	lw	a5,-20(s0)
100002a4:	00178713          	add	a4,a5,1
100002a8:	fee42623          	sw	a4,-20(s0)
100002ac:	0007c783          	lbu	a5,0(a5)
100002b0:	00078513          	mv	a0,a5
100002b4:	f6dff0ef          	jal	10000220 <putchar>
100002b8:	fec42783          	lw	a5,-20(s0)
100002bc:	0007c783          	lbu	a5,0(a5)
100002c0:	fe0790e3          	bnez	a5,100002a0 <print+0x18>
100002c4:	00000013          	nop
100002c8:	00000013          	nop
100002cc:	01c12083          	lw	ra,28(sp)
100002d0:	01812403          	lw	s0,24(sp)
100002d4:	02010113          	add	sp,sp,32
100002d8:	00008067          	ret

100002dc <print_hex>:
100002dc:	fd010113          	add	sp,sp,-48
100002e0:	02112623          	sw	ra,44(sp)
100002e4:	02812423          	sw	s0,40(sp)
100002e8:	03010413          	add	s0,sp,48
100002ec:	fca42e23          	sw	a0,-36(s0)
100002f0:	fcb42c23          	sw	a1,-40(s0)
100002f4:	fd842783          	lw	a5,-40(s0)
100002f8:	fff78793          	add	a5,a5,-1
100002fc:	fef42623          	sw	a5,-20(s0)
10000300:	0440006f          	j	10000344 <print_hex+0x68>
10000304:	fec42783          	lw	a5,-20(s0)
10000308:	00279793          	sll	a5,a5,0x2
1000030c:	fdc42703          	lw	a4,-36(s0)
10000310:	00f757b3          	srl	a5,a4,a5
10000314:	00f7f793          	and	a5,a5,15
10000318:	10001737          	lui	a4,0x10001
1000031c:	30070713          	add	a4,a4,768 # 10001300 <_etext>
10000320:	00f707b3          	add	a5,a4,a5
10000324:	0007c783          	lbu	a5,0(a5)
10000328:	fef405a3          	sb	a5,-21(s0)
1000032c:	feb44783          	lbu	a5,-21(s0)
10000330:	00078513          	mv	a0,a5
10000334:	eedff0ef          	jal	10000220 <putchar>
10000338:	fec42783          	lw	a5,-20(s0)
1000033c:	fff78793          	add	a5,a5,-1
10000340:	fef42623          	sw	a5,-20(s0)
10000344:	fec42783          	lw	a5,-20(s0)
10000348:	fa07dee3          	bgez	a5,10000304 <print_hex+0x28>
1000034c:	00000013          	nop
10000350:	00000013          	nop
10000354:	02c12083          	lw	ra,44(sp)
10000358:	02812403          	lw	s0,40(sp)
1000035c:	03010113          	add	sp,sp,48
10000360:	00008067          	ret

10000364 <print_dec>:
10000364:	fe010113          	add	sp,sp,-32
10000368:	00112e23          	sw	ra,28(sp)
1000036c:	00812c23          	sw	s0,24(sp)
10000370:	02010413          	add	s0,sp,32
10000374:	fea42623          	sw	a0,-20(s0)
10000378:	fec42703          	lw	a4,-20(s0)
1000037c:	7cf00793          	li	a5,1999
10000380:	00e7fa63          	bgeu	a5,a4,10000394 <print_dec+0x30>
10000384:	100017b7          	lui	a5,0x10001
10000388:	31478513          	add	a0,a5,788 # 10001314 <_etext+0x14>
1000038c:	efdff0ef          	jal	10000288 <print>
10000390:	4100006f          	j	100007a0 <print_dec+0x43c>
10000394:	fec42703          	lw	a4,-20(s0)
10000398:	3e700793          	li	a5,999
1000039c:	00e7fe63          	bgeu	a5,a4,100003b8 <print_dec+0x54>
100003a0:	03100513          	li	a0,49
100003a4:	e7dff0ef          	jal	10000220 <putchar>
100003a8:	fec42783          	lw	a5,-20(s0)
100003ac:	c1878793          	add	a5,a5,-1000
100003b0:	fef42623          	sw	a5,-20(s0)
100003b4:	00c0006f          	j	100003c0 <print_dec+0x5c>
100003b8:	02000513          	li	a0,32
100003bc:	e65ff0ef          	jal	10000220 <putchar>
100003c0:	fec42703          	lw	a4,-20(s0)
100003c4:	38300793          	li	a5,899
100003c8:	00e7fe63          	bgeu	a5,a4,100003e4 <print_dec+0x80>
100003cc:	03900513          	li	a0,57
100003d0:	e51ff0ef          	jal	10000220 <putchar>
100003d4:	fec42783          	lw	a5,-20(s0)
100003d8:	c7c78793          	add	a5,a5,-900
100003dc:	fef42623          	sw	a5,-20(s0)
100003e0:	12c0006f          	j	1000050c <print_dec+0x1a8>
100003e4:	fec42703          	lw	a4,-20(s0)
100003e8:	31f00793          	li	a5,799
100003ec:	00e7fe63          	bgeu	a5,a4,10000408 <print_dec+0xa4>
100003f0:	03800513          	li	a0,56
100003f4:	e2dff0ef          	jal	10000220 <putchar>
100003f8:	fec42783          	lw	a5,-20(s0)
100003fc:	ce078793          	add	a5,a5,-800
10000400:	fef42623          	sw	a5,-20(s0)
10000404:	1080006f          	j	1000050c <print_dec+0x1a8>
10000408:	fec42703          	lw	a4,-20(s0)
1000040c:	2bb00793          	li	a5,699
10000410:	00e7fe63          	bgeu	a5,a4,1000042c <print_dec+0xc8>
10000414:	03700513          	li	a0,55
10000418:	e09ff0ef          	jal	10000220 <putchar>
1000041c:	fec42783          	lw	a5,-20(s0)
10000420:	d4478793          	add	a5,a5,-700
10000424:	fef42623          	sw	a5,-20(s0)
10000428:	0e40006f          	j	1000050c <print_dec+0x1a8>
1000042c:	fec42703          	lw	a4,-20(s0)
10000430:	25700793          	li	a5,599
10000434:	00e7fe63          	bgeu	a5,a4,10000450 <print_dec+0xec>
10000438:	03600513          	li	a0,54
1000043c:	de5ff0ef          	jal	10000220 <putchar>
10000440:	fec42783          	lw	a5,-20(s0)
10000444:	da878793          	add	a5,a5,-600
10000448:	fef42623          	sw	a5,-20(s0)
1000044c:	0c00006f          	j	1000050c <print_dec+0x1a8>
10000450:	fec42703          	lw	a4,-20(s0)
10000454:	1f300793          	li	a5,499
10000458:	00e7fe63          	bgeu	a5,a4,10000474 <print_dec+0x110>
1000045c:	03500513          	li	a0,53
10000460:	dc1ff0ef          	jal	10000220 <putchar>
10000464:	fec42783          	lw	a5,-20(s0)
10000468:	e0c78793          	add	a5,a5,-500
1000046c:	fef42623          	sw	a5,-20(s0)
10000470:	09c0006f          	j	1000050c <print_dec+0x1a8>
10000474:	fec42703          	lw	a4,-20(s0)
10000478:	18f00793          	li	a5,399
1000047c:	00e7fe63          	bgeu	a5,a4,10000498 <print_dec+0x134>
10000480:	03400513          	li	a0,52
10000484:	d9dff0ef          	jal	10000220 <putchar>
10000488:	fec42783          	lw	a5,-20(s0)
1000048c:	e7078793          	add	a5,a5,-400
10000490:	fef42623          	sw	a5,-20(s0)
10000494:	0780006f          	j	1000050c <print_dec+0x1a8>
10000498:	fec42703          	lw	a4,-20(s0)
1000049c:	12b00793          	li	a5,299
100004a0:	00e7fe63          	bgeu	a5,a4,100004bc <print_dec+0x158>
100004a4:	03300513          	li	a0,51
100004a8:	d79ff0ef          	jal	10000220 <putchar>
100004ac:	fec42783          	lw	a5,-20(s0)
100004b0:	ed478793          	add	a5,a5,-300
100004b4:	fef42623          	sw	a5,-20(s0)
100004b8:	0540006f          	j	1000050c <print_dec+0x1a8>
100004bc:	fec42703          	lw	a4,-20(s0)
100004c0:	0c700793          	li	a5,199
100004c4:	00e7fe63          	bgeu	a5,a4,100004e0 <print_dec+0x17c>
100004c8:	03200513          	li	a0,50
100004cc:	d55ff0ef          	jal	10000220 <putchar>
100004d0:	fec42783          	lw	a5,-20(s0)
100004d4:	f3878793          	add	a5,a5,-200
100004d8:	fef42623          	sw	a5,-20(s0)
100004dc:	0300006f          	j	1000050c <print_dec+0x1a8>
100004e0:	fec42703          	lw	a4,-20(s0)
100004e4:	06300793          	li	a5,99
100004e8:	00e7fe63          	bgeu	a5,a4,10000504 <print_dec+0x1a0>
100004ec:	03100513          	li	a0,49
100004f0:	d31ff0ef          	jal	10000220 <putchar>
100004f4:	fec42783          	lw	a5,-20(s0)
100004f8:	f9c78793          	add	a5,a5,-100
100004fc:	fef42623          	sw	a5,-20(s0)
10000500:	00c0006f          	j	1000050c <print_dec+0x1a8>
10000504:	03000513          	li	a0,48
10000508:	d19ff0ef          	jal	10000220 <putchar>
1000050c:	fec42703          	lw	a4,-20(s0)
10000510:	05900793          	li	a5,89
10000514:	00e7fe63          	bgeu	a5,a4,10000530 <print_dec+0x1cc>
10000518:	03900513          	li	a0,57
1000051c:	d05ff0ef          	jal	10000220 <putchar>
10000520:	fec42783          	lw	a5,-20(s0)
10000524:	fa678793          	add	a5,a5,-90
10000528:	fef42623          	sw	a5,-20(s0)
1000052c:	12c0006f          	j	10000658 <print_dec+0x2f4>
10000530:	fec42703          	lw	a4,-20(s0)
10000534:	04f00793          	li	a5,79
10000538:	00e7fe63          	bgeu	a5,a4,10000554 <print_dec+0x1f0>
1000053c:	03800513          	li	a0,56
10000540:	ce1ff0ef          	jal	10000220 <putchar>
10000544:	fec42783          	lw	a5,-20(s0)
10000548:	fb078793          	add	a5,a5,-80
1000054c:	fef42623          	sw	a5,-20(s0)
10000550:	1080006f          	j	10000658 <print_dec+0x2f4>
10000554:	fec42703          	lw	a4,-20(s0)
10000558:	04500793          	li	a5,69
1000055c:	00e7fe63          	bgeu	a5,a4,10000578 <print_dec+0x214>
10000560:	03700513          	li	a0,55
10000564:	cbdff0ef          	jal	10000220 <putchar>
10000568:	fec42783          	lw	a5,-20(s0)
1000056c:	fba78793          	add	a5,a5,-70
10000570:	fef42623          	sw	a5,-20(s0)
10000574:	0e40006f          	j	10000658 <print_dec+0x2f4>
10000578:	fec42703          	lw	a4,-20(s0)
1000057c:	03b00793          	li	a5,59
10000580:	00e7fe63          	bgeu	a5,a4,1000059c <print_dec+0x238>
10000584:	03600513          	li	a0,54
10000588:	c99ff0ef          	jal	10000220 <putchar>
1000058c:	fec42783          	lw	a5,-20(s0)
10000590:	fc478793          	add	a5,a5,-60
10000594:	fef42623          	sw	a5,-20(s0)
10000598:	0c00006f          	j	10000658 <print_dec+0x2f4>
1000059c:	fec42703          	lw	a4,-20(s0)
100005a0:	03100793          	li	a5,49
100005a4:	00e7fe63          	bgeu	a5,a4,100005c0 <print_dec+0x25c>
100005a8:	03500513          	li	a0,53
100005ac:	c75ff0ef          	jal	10000220 <putchar>
100005b0:	fec42783          	lw	a5,-20(s0)
100005b4:	fce78793          	add	a5,a5,-50
100005b8:	fef42623          	sw	a5,-20(s0)
100005bc:	09c0006f          	j	10000658 <print_dec+0x2f4>
100005c0:	fec42703          	lw	a4,-20(s0)
100005c4:	02700793          	li	a5,39
100005c8:	00e7fe63          	bgeu	a5,a4,100005e4 <print_dec+0x280>
100005cc:	03400513          	li	a0,52
100005d0:	c51ff0ef          	jal	10000220 <putchar>
100005d4:	fec42783          	lw	a5,-20(s0)
100005d8:	fd878793          	add	a5,a5,-40
100005dc:	fef42623          	sw	a5,-20(s0)
100005e0:	0780006f          	j	10000658 <print_dec+0x2f4>
100005e4:	fec42703          	lw	a4,-20(s0)
100005e8:	01d00793          	li	a5,29
100005ec:	00e7fe63          	bgeu	a5,a4,10000608 <print_dec+0x2a4>
100005f0:	03300513          	li	a0,51
100005f4:	c2dff0ef          	jal	10000220 <putchar>
100005f8:	fec42783          	lw	a5,-20(s0)
100005fc:	fe278793          	add	a5,a5,-30
10000600:	fef42623          	sw	a5,-20(s0)
10000604:	0540006f          	j	10000658 <print_dec+0x2f4>
10000608:	fec42703          	lw	a4,-20(s0)
1000060c:	01300793          	li	a5,19
10000610:	00e7fe63          	bgeu	a5,a4,1000062c <print_dec+0x2c8>
10000614:	03200513          	li	a0,50
10000618:	c09ff0ef          	jal	10000220 <putchar>
1000061c:	fec42783          	lw	a5,-20(s0)
10000620:	fec78793          	add	a5,a5,-20
10000624:	fef42623          	sw	a5,-20(s0)
10000628:	0300006f          	j	10000658 <print_dec+0x2f4>
1000062c:	fec42703          	lw	a4,-20(s0)
10000630:	00900793          	li	a5,9
10000634:	00e7fe63          	bgeu	a5,a4,10000650 <print_dec+0x2ec>
10000638:	03100513          	li	a0,49
1000063c:	be5ff0ef          	jal	10000220 <putchar>
10000640:	fec42783          	lw	a5,-20(s0)
10000644:	ff678793          	add	a5,a5,-10
10000648:	fef42623          	sw	a5,-20(s0)
1000064c:	00c0006f          	j	10000658 <print_dec+0x2f4>
10000650:	03000513          	li	a0,48
10000654:	bcdff0ef          	jal	10000220 <putchar>
10000658:	fec42703          	lw	a4,-20(s0)
1000065c:	00800793          	li	a5,8
10000660:	00e7fe63          	bgeu	a5,a4,1000067c <print_dec+0x318>
10000664:	03900513          	li	a0,57
10000668:	bb9ff0ef          	jal	10000220 <putchar>
1000066c:	fec42783          	lw	a5,-20(s0)
10000670:	ff778793          	add	a5,a5,-9
10000674:	fef42623          	sw	a5,-20(s0)
10000678:	1280006f          	j	100007a0 <print_dec+0x43c>
1000067c:	fec42703          	lw	a4,-20(s0)
10000680:	00700793          	li	a5,7
10000684:	00e7fe63          	bgeu	a5,a4,100006a0 <print_dec+0x33c>
10000688:	03800513          	li	a0,56
1000068c:	b95ff0ef          	jal	10000220 <putchar>
10000690:	fec42783          	lw	a5,-20(s0)
10000694:	ff878793          	add	a5,a5,-8
10000698:	fef42623          	sw	a5,-20(s0)
1000069c:	1040006f          	j	100007a0 <print_dec+0x43c>
100006a0:	fec42703          	lw	a4,-20(s0)
100006a4:	00600793          	li	a5,6
100006a8:	00e7fe63          	bgeu	a5,a4,100006c4 <print_dec+0x360>
100006ac:	03700513          	li	a0,55
100006b0:	b71ff0ef          	jal	10000220 <putchar>
100006b4:	fec42783          	lw	a5,-20(s0)
100006b8:	ff978793          	add	a5,a5,-7
100006bc:	fef42623          	sw	a5,-20(s0)
100006c0:	0e00006f          	j	100007a0 <print_dec+0x43c>
100006c4:	fec42703          	lw	a4,-20(s0)
100006c8:	00500793          	li	a5,5
100006cc:	00e7fe63          	bgeu	a5,a4,100006e8 <print_dec+0x384>
100006d0:	03600513          	li	a0,54
100006d4:	b4dff0ef          	jal	10000220 <putchar>
100006d8:	fec42783          	lw	a5,-20(s0)
100006dc:	ffa78793          	add	a5,a5,-6
100006e0:	fef42623          	sw	a5,-20(s0)
100006e4:	0bc0006f          	j	100007a0 <print_dec+0x43c>
100006e8:	fec42703          	lw	a4,-20(s0)
100006ec:	00400793          	li	a5,4
100006f0:	00e7fe63          	bgeu	a5,a4,1000070c <print_dec+0x3a8>
100006f4:	03500513          	li	a0,53
100006f8:	b29ff0ef          	jal	10000220 <putchar>
100006fc:	fec42783          	lw	a5,-20(s0)
10000700:	ffb78793          	add	a5,a5,-5
10000704:	fef42623          	sw	a5,-20(s0)
10000708:	0980006f          	j	100007a0 <print_dec+0x43c>
1000070c:	fec42703          	lw	a4,-20(s0)
10000710:	00300793          	li	a5,3
10000714:	00e7fe63          	bgeu	a5,a4,10000730 <print_dec+0x3cc>
10000718:	03400513          	li	a0,52
1000071c:	b05ff0ef          	jal	10000220 <putchar>
10000720:	fec42783          	lw	a5,-20(s0)
10000724:	ffc78793          	add	a5,a5,-4
10000728:	fef42623          	sw	a5,-20(s0)
1000072c:	0740006f          	j	100007a0 <print_dec+0x43c>
10000730:	fec42703          	lw	a4,-20(s0)
10000734:	00200793          	li	a5,2
10000738:	00e7fe63          	bgeu	a5,a4,10000754 <print_dec+0x3f0>
1000073c:	03300513          	li	a0,51
10000740:	ae1ff0ef          	jal	10000220 <putchar>
10000744:	fec42783          	lw	a5,-20(s0)
10000748:	ffd78793          	add	a5,a5,-3
1000074c:	fef42623          	sw	a5,-20(s0)
10000750:	0500006f          	j	100007a0 <print_dec+0x43c>
10000754:	fec42703          	lw	a4,-20(s0)
10000758:	00100793          	li	a5,1
1000075c:	00e7fe63          	bgeu	a5,a4,10000778 <print_dec+0x414>
10000760:	03200513          	li	a0,50
10000764:	abdff0ef          	jal	10000220 <putchar>
10000768:	fec42783          	lw	a5,-20(s0)
1000076c:	ffe78793          	add	a5,a5,-2
10000770:	fef42623          	sw	a5,-20(s0)
10000774:	02c0006f          	j	100007a0 <print_dec+0x43c>
10000778:	fec42783          	lw	a5,-20(s0)
1000077c:	00078e63          	beqz	a5,10000798 <print_dec+0x434>
10000780:	03100513          	li	a0,49
10000784:	a9dff0ef          	jal	10000220 <putchar>
10000788:	fec42783          	lw	a5,-20(s0)
1000078c:	fff78793          	add	a5,a5,-1
10000790:	fef42623          	sw	a5,-20(s0)
10000794:	00c0006f          	j	100007a0 <print_dec+0x43c>
10000798:	03000513          	li	a0,48
1000079c:	a85ff0ef          	jal	10000220 <putchar>
100007a0:	01c12083          	lw	ra,28(sp)
100007a4:	01812403          	lw	s0,24(sp)
100007a8:	02010113          	add	sp,sp,32
100007ac:	00008067          	ret

100007b0 <print_digit>:
100007b0:	fe010113          	add	sp,sp,-32
100007b4:	00112e23          	sw	ra,28(sp)
100007b8:	00812c23          	sw	s0,24(sp)
100007bc:	02010413          	add	s0,sp,32
100007c0:	fea42623          	sw	a0,-20(s0)
100007c4:	fec42783          	lw	a5,-20(s0)
100007c8:	00f7f793          	and	a5,a5,15
100007cc:	fef42623          	sw	a5,-20(s0)
100007d0:	fec42703          	lw	a4,-20(s0)
100007d4:	00900793          	li	a5,9
100007d8:	00f71863          	bne	a4,a5,100007e8 <print_digit+0x38>
100007dc:	03900513          	li	a0,57
100007e0:	a41ff0ef          	jal	10000220 <putchar>
100007e4:	1700006f          	j	10000954 <print_digit+0x1a4>
100007e8:	fec42703          	lw	a4,-20(s0)
100007ec:	00800793          	li	a5,8
100007f0:	00f71863          	bne	a4,a5,10000800 <print_digit+0x50>
100007f4:	03800513          	li	a0,56
100007f8:	a29ff0ef          	jal	10000220 <putchar>
100007fc:	1580006f          	j	10000954 <print_digit+0x1a4>
10000800:	fec42703          	lw	a4,-20(s0)
10000804:	00700793          	li	a5,7
10000808:	00f71863          	bne	a4,a5,10000818 <print_digit+0x68>
1000080c:	03700513          	li	a0,55
10000810:	a11ff0ef          	jal	10000220 <putchar>
10000814:	1400006f          	j	10000954 <print_digit+0x1a4>
10000818:	fec42703          	lw	a4,-20(s0)
1000081c:	00600793          	li	a5,6
10000820:	00f71863          	bne	a4,a5,10000830 <print_digit+0x80>
10000824:	03600513          	li	a0,54
10000828:	9f9ff0ef          	jal	10000220 <putchar>
1000082c:	1280006f          	j	10000954 <print_digit+0x1a4>
10000830:	fec42703          	lw	a4,-20(s0)
10000834:	00500793          	li	a5,5
10000838:	00f71863          	bne	a4,a5,10000848 <print_digit+0x98>
1000083c:	03500513          	li	a0,53
10000840:	9e1ff0ef          	jal	10000220 <putchar>
10000844:	1100006f          	j	10000954 <print_digit+0x1a4>
10000848:	fec42703          	lw	a4,-20(s0)
1000084c:	00400793          	li	a5,4
10000850:	00f71863          	bne	a4,a5,10000860 <print_digit+0xb0>
10000854:	03400513          	li	a0,52
10000858:	9c9ff0ef          	jal	10000220 <putchar>
1000085c:	0f80006f          	j	10000954 <print_digit+0x1a4>
10000860:	fec42703          	lw	a4,-20(s0)
10000864:	00300793          	li	a5,3
10000868:	00f71863          	bne	a4,a5,10000878 <print_digit+0xc8>
1000086c:	03300513          	li	a0,51
10000870:	9b1ff0ef          	jal	10000220 <putchar>
10000874:	0e00006f          	j	10000954 <print_digit+0x1a4>
10000878:	fec42703          	lw	a4,-20(s0)
1000087c:	00200793          	li	a5,2
10000880:	00f71863          	bne	a4,a5,10000890 <print_digit+0xe0>
10000884:	03200513          	li	a0,50
10000888:	999ff0ef          	jal	10000220 <putchar>
1000088c:	0c80006f          	j	10000954 <print_digit+0x1a4>
10000890:	fec42703          	lw	a4,-20(s0)
10000894:	00100793          	li	a5,1
10000898:	00f71863          	bne	a4,a5,100008a8 <print_digit+0xf8>
1000089c:	03100513          	li	a0,49
100008a0:	981ff0ef          	jal	10000220 <putchar>
100008a4:	0b00006f          	j	10000954 <print_digit+0x1a4>
100008a8:	fec42783          	lw	a5,-20(s0)
100008ac:	00079863          	bnez	a5,100008bc <print_digit+0x10c>
100008b0:	03000513          	li	a0,48
100008b4:	96dff0ef          	jal	10000220 <putchar>
100008b8:	09c0006f          	j	10000954 <print_digit+0x1a4>
100008bc:	fec42703          	lw	a4,-20(s0)
100008c0:	00a00793          	li	a5,10
100008c4:	00f71863          	bne	a4,a5,100008d4 <print_digit+0x124>
100008c8:	06100513          	li	a0,97
100008cc:	955ff0ef          	jal	10000220 <putchar>
100008d0:	0840006f          	j	10000954 <print_digit+0x1a4>
100008d4:	fec42703          	lw	a4,-20(s0)
100008d8:	00b00793          	li	a5,11
100008dc:	00f71863          	bne	a4,a5,100008ec <print_digit+0x13c>
100008e0:	06200513          	li	a0,98
100008e4:	93dff0ef          	jal	10000220 <putchar>
100008e8:	06c0006f          	j	10000954 <print_digit+0x1a4>
100008ec:	fec42703          	lw	a4,-20(s0)
100008f0:	00c00793          	li	a5,12
100008f4:	00f71863          	bne	a4,a5,10000904 <print_digit+0x154>
100008f8:	06300513          	li	a0,99
100008fc:	925ff0ef          	jal	10000220 <putchar>
10000900:	0540006f          	j	10000954 <print_digit+0x1a4>
10000904:	fec42703          	lw	a4,-20(s0)
10000908:	00d00793          	li	a5,13
1000090c:	00f71863          	bne	a4,a5,1000091c <print_digit+0x16c>
10000910:	06400513          	li	a0,100
10000914:	90dff0ef          	jal	10000220 <putchar>
10000918:	03c0006f          	j	10000954 <print_digit+0x1a4>
1000091c:	fec42703          	lw	a4,-20(s0)
10000920:	00e00793          	li	a5,14
10000924:	00f71863          	bne	a4,a5,10000934 <print_digit+0x184>
10000928:	06500513          	li	a0,101
1000092c:	8f5ff0ef          	jal	10000220 <putchar>
10000930:	0240006f          	j	10000954 <print_digit+0x1a4>
10000934:	fec42703          	lw	a4,-20(s0)
10000938:	00f00793          	li	a5,15
1000093c:	00f71863          	bne	a4,a5,1000094c <print_digit+0x19c>
10000940:	06600513          	li	a0,102
10000944:	8ddff0ef          	jal	10000220 <putchar>
10000948:	00c0006f          	j	10000954 <print_digit+0x1a4>
1000094c:	02a00513          	li	a0,42
10000950:	8d1ff0ef          	jal	10000220 <putchar>
10000954:	00000013          	nop
10000958:	01c12083          	lw	ra,28(sp)
1000095c:	01812403          	lw	s0,24(sp)
10000960:	02010113          	add	sp,sp,32
10000964:	00008067          	ret

10000968 <flush_cpu_icache>:
10000968:	ff010113          	add	sp,sp,-16
1000096c:	00812623          	sw	s0,12(sp)
10000970:	01010413          	add	s0,sp,16
10000974:	00000013          	nop
10000978:	00c12403          	lw	s0,12(sp)
1000097c:	01010113          	add	sp,sp,16
10000980:	00008067          	ret

10000984 <flush_cpu_dcache>:
10000984:	ff010113          	add	sp,sp,-16
10000988:	00812623          	sw	s0,12(sp)
1000098c:	01010413          	add	s0,sp,16
10000990:	00000013          	nop
10000994:	00c12403          	lw	s0,12(sp)
10000998:	01010113          	add	sp,sp,16
1000099c:	00008067          	ret

100009a0 <led_off>:
100009a0:	ff010113          	add	sp,sp,-16
100009a4:	00812623          	sw	s0,12(sp)
100009a8:	01010413          	add	s0,sp,16
100009ac:	f00037b7          	lui	a5,0xf0003
100009b0:	81478793          	add	a5,a5,-2028 # f0002814 <_erodata+0xe0001414>
100009b4:	00100713          	li	a4,1
100009b8:	00e7a023          	sw	a4,0(a5)
100009bc:	260007b7          	lui	a5,0x26000
100009c0:	00c78793          	add	a5,a5,12 # 2600000c <_erodata+0x15ffec0c>
100009c4:	0007a023          	sw	zero,0(a5)
100009c8:	260007b7          	lui	a5,0x26000
100009cc:	01078793          	add	a5,a5,16 # 26000010 <_erodata+0x15ffec10>
100009d0:	0007a023          	sw	zero,0(a5)
100009d4:	00000013          	nop
100009d8:	00c12403          	lw	s0,12(sp)
100009dc:	01010113          	add	sp,sp,16
100009e0:	00008067          	ret

100009e4 <led_on>:
100009e4:	ff010113          	add	sp,sp,-16
100009e8:	00812623          	sw	s0,12(sp)
100009ec:	01010413          	add	s0,sp,16
100009f0:	f00037b7          	lui	a5,0xf0003
100009f4:	81478793          	add	a5,a5,-2028 # f0002814 <_erodata+0xe0001414>
100009f8:	0007a023          	sw	zero,0(a5)
100009fc:	260007b7          	lui	a5,0x26000
10000a00:	01078793          	add	a5,a5,16 # 26000010 <_erodata+0x15ffec10>
10000a04:	03f00713          	li	a4,63
10000a08:	00e7a023          	sw	a4,0(a5)
10000a0c:	260007b7          	lui	a5,0x26000
10000a10:	00c78793          	add	a5,a5,12 # 2600000c <_erodata+0x15ffec0c>
10000a14:	fff00713          	li	a4,-1
10000a18:	00e7a023          	sw	a4,0(a5)
10000a1c:	00000013          	nop
10000a20:	00c12403          	lw	s0,12(sp)
10000a24:	01010113          	add	sp,sp,16
10000a28:	00008067          	ret

10000a2c <led_blink>:
10000a2c:	ff010113          	add	sp,sp,-16
10000a30:	00112623          	sw	ra,12(sp)
10000a34:	00812423          	sw	s0,8(sp)
10000a38:	01010413          	add	s0,sp,16
10000a3c:	fa9ff0ef          	jal	100009e4 <led_on>
10000a40:	000c37b7          	lui	a5,0xc3
10000a44:	50078513          	add	a0,a5,1280 # c3500 <_fstack+0xc3100>
10000a48:	5d0000ef          	jal	10001018 <delay>
10000a4c:	f55ff0ef          	jal	100009a0 <led_off>
10000a50:	000c37b7          	lui	a5,0xc3
10000a54:	50078513          	add	a0,a5,1280 # c3500 <_fstack+0xc3100>
10000a58:	5c0000ef          	jal	10001018 <delay>
10000a5c:	00000013          	nop
10000a60:	00c12083          	lw	ra,12(sp)
10000a64:	00812403          	lw	s0,8(sp)
10000a68:	01010113          	add	sp,sp,16
10000a6c:	00008067          	ret

10000a70 <print_logic>:
10000a70:	fe010113          	add	sp,sp,-32
10000a74:	00112e23          	sw	ra,28(sp)
10000a78:	00812c23          	sw	s0,24(sp)
10000a7c:	02010413          	add	s0,sp,32
10000a80:	f00037b7          	lui	a5,0xf0003
10000a84:	03078793          	add	a5,a5,48 # f0003030 <_erodata+0xe0001c30>
10000a88:	0007a783          	lw	a5,0(a5)
10000a8c:	00800593          	li	a1,8
10000a90:	00078513          	mv	a0,a5
10000a94:	849ff0ef          	jal	100002dc <print_hex>
10000a98:	100017b7          	lui	a5,0x10001
10000a9c:	31c78513          	add	a0,a5,796 # 1000131c <_etext+0x1c>
10000aa0:	fe8ff0ef          	jal	10000288 <print>
10000aa4:	f00037b7          	lui	a5,0xf0003
10000aa8:	03478793          	add	a5,a5,52 # f0003034 <_erodata+0xe0001c34>
10000aac:	0007a783          	lw	a5,0(a5)
10000ab0:	00800593          	li	a1,8
10000ab4:	00078513          	mv	a0,a5
10000ab8:	825ff0ef          	jal	100002dc <print_hex>
10000abc:	100017b7          	lui	a5,0x10001
10000ac0:	31c78513          	add	a0,a5,796 # 1000131c <_etext+0x1c>
10000ac4:	fc4ff0ef          	jal	10000288 <print>
10000ac8:	f00037b7          	lui	a5,0xf0003
10000acc:	03878793          	add	a5,a5,56 # f0003038 <_erodata+0xe0001c38>
10000ad0:	0007a783          	lw	a5,0(a5)
10000ad4:	00800593          	li	a1,8
10000ad8:	00078513          	mv	a0,a5
10000adc:	801ff0ef          	jal	100002dc <print_hex>
10000ae0:	100017b7          	lui	a5,0x10001
10000ae4:	31c78513          	add	a0,a5,796 # 1000131c <_etext+0x1c>
10000ae8:	fa0ff0ef          	jal	10000288 <print>
10000aec:	f00037b7          	lui	a5,0xf0003
10000af0:	03c78793          	add	a5,a5,60 # f000303c <_erodata+0xe0001c3c>
10000af4:	0007a783          	lw	a5,0(a5)
10000af8:	00800593          	li	a1,8
10000afc:	00078513          	mv	a0,a5
10000b00:	fdcff0ef          	jal	100002dc <print_hex>
10000b04:	100017b7          	lui	a5,0x10001
10000b08:	32078513          	add	a0,a5,800 # 10001320 <_etext+0x20>
10000b0c:	f7cff0ef          	jal	10000288 <print>
10000b10:	fe042623          	sw	zero,-20(s0)
10000b14:	1bc0006f          	j	10000cd0 <print_logic+0x260>
10000b18:	100017b7          	lui	a5,0x10001
10000b1c:	32478513          	add	a0,a5,804 # 10001324 <_etext+0x24>
10000b20:	f68ff0ef          	jal	10000288 <print>
10000b24:	fec42783          	lw	a5,-20(s0)
10000b28:	00078513          	mv	a0,a5
10000b2c:	839ff0ef          	jal	10000364 <print_dec>
10000b30:	100017b7          	lui	a5,0x10001
10000b34:	33c78513          	add	a0,a5,828 # 1000133c <_etext+0x3c>
10000b38:	f50ff0ef          	jal	10000288 <print>
10000b3c:	f00037b7          	lui	a5,0xf0003
10000b40:	03c78793          	add	a5,a5,60 # f000303c <_erodata+0xe0001c3c>
10000b44:	0007a683          	lw	a3,0(a5)
10000b48:	f00037b7          	lui	a5,0xf0003
10000b4c:	03c78793          	add	a5,a5,60 # f000303c <_erodata+0xe0001c3c>
10000b50:	ffff9737          	lui	a4,0xffff9
10000b54:	fff70713          	add	a4,a4,-1 # ffff8fff <_erodata+0xefff7bff>
10000b58:	00e6f733          	and	a4,a3,a4
10000b5c:	00e7a023          	sw	a4,0(a5)
10000b60:	f00037b7          	lui	a5,0xf0003
10000b64:	03c78793          	add	a5,a5,60 # f000303c <_erodata+0xe0001c3c>
10000b68:	0007a703          	lw	a4,0(a5)
10000b6c:	fec42783          	lw	a5,-20(s0)
10000b70:	00c79793          	sll	a5,a5,0xc
10000b74:	00078693          	mv	a3,a5
10000b78:	f00037b7          	lui	a5,0xf0003
10000b7c:	03c78793          	add	a5,a5,60 # f000303c <_erodata+0xe0001c3c>
10000b80:	00d76733          	or	a4,a4,a3
10000b84:	00e7a023          	sw	a4,0(a5)
10000b88:	f00037b7          	lui	a5,0xf0003
10000b8c:	03078793          	add	a5,a5,48 # f0003030 <_erodata+0xe0001c30>
10000b90:	0007a783          	lw	a5,0(a5)
10000b94:	00800593          	li	a1,8
10000b98:	00078513          	mv	a0,a5
10000b9c:	f40ff0ef          	jal	100002dc <print_hex>
10000ba0:	100017b7          	lui	a5,0x10001
10000ba4:	31c78513          	add	a0,a5,796 # 1000131c <_etext+0x1c>
10000ba8:	ee0ff0ef          	jal	10000288 <print>
10000bac:	f00037b7          	lui	a5,0xf0003
10000bb0:	03478793          	add	a5,a5,52 # f0003034 <_erodata+0xe0001c34>
10000bb4:	0007a783          	lw	a5,0(a5)
10000bb8:	00800593          	li	a1,8
10000bbc:	00078513          	mv	a0,a5
10000bc0:	f1cff0ef          	jal	100002dc <print_hex>
10000bc4:	100017b7          	lui	a5,0x10001
10000bc8:	31c78513          	add	a0,a5,796 # 1000131c <_etext+0x1c>
10000bcc:	ebcff0ef          	jal	10000288 <print>
10000bd0:	f00037b7          	lui	a5,0xf0003
10000bd4:	03878793          	add	a5,a5,56 # f0003038 <_erodata+0xe0001c38>
10000bd8:	0007a783          	lw	a5,0(a5)
10000bdc:	00800593          	li	a1,8
10000be0:	00078513          	mv	a0,a5
10000be4:	ef8ff0ef          	jal	100002dc <print_hex>
10000be8:	100017b7          	lui	a5,0x10001
10000bec:	31c78513          	add	a0,a5,796 # 1000131c <_etext+0x1c>
10000bf0:	e98ff0ef          	jal	10000288 <print>
10000bf4:	f00037b7          	lui	a5,0xf0003
10000bf8:	03c78793          	add	a5,a5,60 # f000303c <_erodata+0xe0001c3c>
10000bfc:	0007a783          	lw	a5,0(a5)
10000c00:	00800593          	li	a1,8
10000c04:	00078513          	mv	a0,a5
10000c08:	ed4ff0ef          	jal	100002dc <print_hex>
10000c0c:	100017b7          	lui	a5,0x10001
10000c10:	32078513          	add	a0,a5,800 # 10001320 <_etext+0x20>
10000c14:	e74ff0ef          	jal	10000288 <print>
10000c18:	250007b7          	lui	a5,0x25000
10000c1c:	03078793          	add	a5,a5,48 # 25000030 <_erodata+0x14ffec30>
10000c20:	0007a023          	sw	zero,0(a5)
10000c24:	250007b7          	lui	a5,0x25000
10000c28:	03078793          	add	a5,a5,48 # 25000030 <_erodata+0x14ffec30>
10000c2c:	00100713          	li	a4,1
10000c30:	00e7a023          	sw	a4,0(a5)
10000c34:	f00037b7          	lui	a5,0xf0003
10000c38:	02078793          	add	a5,a5,32 # f0003020 <_erodata+0xe0001c20>
10000c3c:	0007a783          	lw	a5,0(a5)
10000c40:	00800593          	li	a1,8
10000c44:	00078513          	mv	a0,a5
10000c48:	e94ff0ef          	jal	100002dc <print_hex>
10000c4c:	100017b7          	lui	a5,0x10001
10000c50:	31c78513          	add	a0,a5,796 # 1000131c <_etext+0x1c>
10000c54:	e34ff0ef          	jal	10000288 <print>
10000c58:	f00037b7          	lui	a5,0xf0003
10000c5c:	02478793          	add	a5,a5,36 # f0003024 <_erodata+0xe0001c24>
10000c60:	0007a783          	lw	a5,0(a5)
10000c64:	00800593          	li	a1,8
10000c68:	00078513          	mv	a0,a5
10000c6c:	e70ff0ef          	jal	100002dc <print_hex>
10000c70:	100017b7          	lui	a5,0x10001
10000c74:	31c78513          	add	a0,a5,796 # 1000131c <_etext+0x1c>
10000c78:	e10ff0ef          	jal	10000288 <print>
10000c7c:	f00037b7          	lui	a5,0xf0003
10000c80:	02878793          	add	a5,a5,40 # f0003028 <_erodata+0xe0001c28>
10000c84:	0007a783          	lw	a5,0(a5)
10000c88:	00800593          	li	a1,8
10000c8c:	00078513          	mv	a0,a5
10000c90:	e4cff0ef          	jal	100002dc <print_hex>
10000c94:	100017b7          	lui	a5,0x10001
10000c98:	31c78513          	add	a0,a5,796 # 1000131c <_etext+0x1c>
10000c9c:	decff0ef          	jal	10000288 <print>
10000ca0:	f00037b7          	lui	a5,0xf0003
10000ca4:	02c78793          	add	a5,a5,44 # f000302c <_erodata+0xe0001c2c>
10000ca8:	0007a783          	lw	a5,0(a5)
10000cac:	00800593          	li	a1,8
10000cb0:	00078513          	mv	a0,a5
10000cb4:	e28ff0ef          	jal	100002dc <print_hex>
10000cb8:	100017b7          	lui	a5,0x10001
10000cbc:	32078513          	add	a0,a5,800 # 10001320 <_etext+0x20>
10000cc0:	dc8ff0ef          	jal	10000288 <print>
10000cc4:	fec42783          	lw	a5,-20(s0)
10000cc8:	00178793          	add	a5,a5,1
10000ccc:	fef42623          	sw	a5,-20(s0)
10000cd0:	fec42703          	lw	a4,-20(s0)
10000cd4:	00700793          	li	a5,7
10000cd8:	e4e7d0e3          	bge	a5,a4,10000b18 <print_logic+0xa8>
10000cdc:	00000013          	nop
10000ce0:	00000013          	nop
10000ce4:	01c12083          	lw	ra,28(sp)
10000ce8:	01812403          	lw	s0,24(sp)
10000cec:	02010113          	add	sp,sp,32
10000cf0:	00008067          	ret

10000cf4 <configure_io>:
10000cf4:	ff010113          	add	sp,sp,-16
10000cf8:	00812623          	sw	s0,12(sp)
10000cfc:	01010413          	add	s0,sp,16
10000d00:	260007b7          	lui	a5,0x26000
10000d04:	02478793          	add	a5,a5,36 # 26000024 <_erodata+0x15ffec24>
10000d08:	00b00713          	li	a4,11
10000d0c:	00e7a023          	sw	a4,0(a5)
10000d10:	260007b7          	lui	a5,0x26000
10000d14:	02878793          	add	a5,a5,40 # 26000028 <_erodata+0x15ffec28>
10000d18:	00002737          	lui	a4,0x2
10000d1c:	80970713          	add	a4,a4,-2039 # 1809 <_fstack+0x1409>
10000d20:	00e7a023          	sw	a4,0(a5)
10000d24:	260007b7          	lui	a5,0x26000
10000d28:	02c78793          	add	a5,a5,44 # 2600002c <_erodata+0x15ffec2c>
10000d2c:	40300713          	li	a4,1027
10000d30:	00e7a023          	sw	a4,0(a5)
10000d34:	260007b7          	lui	a5,0x26000
10000d38:	03078793          	add	a5,a5,48 # 26000030 <_erodata+0x15ffec30>
10000d3c:	40300713          	li	a4,1027
10000d40:	00e7a023          	sw	a4,0(a5)
10000d44:	260007b7          	lui	a5,0x26000
10000d48:	03478793          	add	a5,a5,52 # 26000034 <_erodata+0x15ffec34>
10000d4c:	40300713          	li	a4,1027
10000d50:	00e7a023          	sw	a4,0(a5)
10000d54:	260007b7          	lui	a5,0x26000
10000d58:	03878793          	add	a5,a5,56 # 26000038 <_erodata+0x15ffec38>
10000d5c:	40300713          	li	a4,1027
10000d60:	00e7a023          	sw	a4,0(a5)
10000d64:	260007b7          	lui	a5,0x26000
10000d68:	03c78793          	add	a5,a5,60 # 2600003c <_erodata+0x15ffec3c>
10000d6c:	00002737          	lui	a4,0x2
10000d70:	80970713          	add	a4,a4,-2039 # 1809 <_fstack+0x1409>
10000d74:	00e7a023          	sw	a4,0(a5)
10000d78:	260007b7          	lui	a5,0x26000
10000d7c:	04078793          	add	a5,a5,64 # 26000040 <_erodata+0x15ffec40>
10000d80:	00001737          	lui	a4,0x1
10000d84:	80070713          	add	a4,a4,-2048 # 800 <_fstack+0x400>
10000d88:	00e7a023          	sw	a4,0(a5)
10000d8c:	260007b7          	lui	a5,0x26000
10000d90:	04478793          	add	a5,a5,68 # 26000044 <_erodata+0x15ffec44>
10000d94:	00002737          	lui	a4,0x2
10000d98:	80970713          	add	a4,a4,-2039 # 1809 <_fstack+0x1409>
10000d9c:	00e7a023          	sw	a4,0(a5)
10000da0:	260007b7          	lui	a5,0x26000
10000da4:	04878793          	add	a5,a5,72 # 26000048 <_erodata+0x15ffec48>
10000da8:	00002737          	lui	a4,0x2
10000dac:	80970713          	add	a4,a4,-2039 # 1809 <_fstack+0x1409>
10000db0:	00e7a023          	sw	a4,0(a5)
10000db4:	260007b7          	lui	a5,0x26000
10000db8:	04c78793          	add	a5,a5,76 # 2600004c <_erodata+0x15ffec4c>
10000dbc:	00002737          	lui	a4,0x2
10000dc0:	80970713          	add	a4,a4,-2039 # 1809 <_fstack+0x1409>
10000dc4:	00e7a023          	sw	a4,0(a5)
10000dc8:	260007b7          	lui	a5,0x26000
10000dcc:	05078793          	add	a5,a5,80 # 26000050 <_erodata+0x15ffec50>
10000dd0:	00002737          	lui	a4,0x2
10000dd4:	80970713          	add	a4,a4,-2039 # 1809 <_fstack+0x1409>
10000dd8:	00e7a023          	sw	a4,0(a5)
10000ddc:	260007b7          	lui	a5,0x26000
10000de0:	05478793          	add	a5,a5,84 # 26000054 <_erodata+0x15ffec54>
10000de4:	00002737          	lui	a4,0x2
10000de8:	80970713          	add	a4,a4,-2039 # 1809 <_fstack+0x1409>
10000dec:	00e7a023          	sw	a4,0(a5)
10000df0:	260007b7          	lui	a5,0x26000
10000df4:	05878793          	add	a5,a5,88 # 26000058 <_erodata+0x15ffec58>
10000df8:	00002737          	lui	a4,0x2
10000dfc:	80970713          	add	a4,a4,-2039 # 1809 <_fstack+0x1409>
10000e00:	00e7a023          	sw	a4,0(a5)
10000e04:	260007b7          	lui	a5,0x26000
10000e08:	05c78793          	add	a5,a5,92 # 2600005c <_erodata+0x15ffec5c>
10000e0c:	00002737          	lui	a4,0x2
10000e10:	80970713          	add	a4,a4,-2039 # 1809 <_fstack+0x1409>
10000e14:	00e7a023          	sw	a4,0(a5)
10000e18:	260007b7          	lui	a5,0x26000
10000e1c:	06078793          	add	a5,a5,96 # 26000060 <_erodata+0x15ffec60>
10000e20:	00002737          	lui	a4,0x2
10000e24:	80970713          	add	a4,a4,-2039 # 1809 <_fstack+0x1409>
10000e28:	00e7a023          	sw	a4,0(a5)
10000e2c:	260007b7          	lui	a5,0x26000
10000e30:	06478793          	add	a5,a5,100 # 26000064 <_erodata+0x15ffec64>
10000e34:	00002737          	lui	a4,0x2
10000e38:	80970713          	add	a4,a4,-2039 # 1809 <_fstack+0x1409>
10000e3c:	00e7a023          	sw	a4,0(a5)
10000e40:	260007b7          	lui	a5,0x26000
10000e44:	06878793          	add	a5,a5,104 # 26000068 <_erodata+0x15ffec68>
10000e48:	00002737          	lui	a4,0x2
10000e4c:	80970713          	add	a4,a4,-2039 # 1809 <_fstack+0x1409>
10000e50:	00e7a023          	sw	a4,0(a5)
10000e54:	260007b7          	lui	a5,0x26000
10000e58:	06c78793          	add	a5,a5,108 # 2600006c <_erodata+0x15ffec6c>
10000e5c:	00002737          	lui	a4,0x2
10000e60:	80970713          	add	a4,a4,-2039 # 1809 <_fstack+0x1409>
10000e64:	00e7a023          	sw	a4,0(a5)
10000e68:	260007b7          	lui	a5,0x26000
10000e6c:	07078793          	add	a5,a5,112 # 26000070 <_erodata+0x15ffec70>
10000e70:	00002737          	lui	a4,0x2
10000e74:	80970713          	add	a4,a4,-2039 # 1809 <_fstack+0x1409>
10000e78:	00e7a023          	sw	a4,0(a5)
10000e7c:	260007b7          	lui	a5,0x26000
10000e80:	07478793          	add	a5,a5,116 # 26000074 <_erodata+0x15ffec74>
10000e84:	00002737          	lui	a4,0x2
10000e88:	80970713          	add	a4,a4,-2039 # 1809 <_fstack+0x1409>
10000e8c:	00e7a023          	sw	a4,0(a5)
10000e90:	260007b7          	lui	a5,0x26000
10000e94:	07878793          	add	a5,a5,120 # 26000078 <_erodata+0x15ffec78>
10000e98:	00002737          	lui	a4,0x2
10000e9c:	80970713          	add	a4,a4,-2039 # 1809 <_fstack+0x1409>
10000ea0:	00e7a023          	sw	a4,0(a5)
10000ea4:	260007b7          	lui	a5,0x26000
10000ea8:	07c78793          	add	a5,a5,124 # 2600007c <_erodata+0x15ffec7c>
10000eac:	00002737          	lui	a4,0x2
10000eb0:	80970713          	add	a4,a4,-2039 # 1809 <_fstack+0x1409>
10000eb4:	00e7a023          	sw	a4,0(a5)
10000eb8:	260007b7          	lui	a5,0x26000
10000ebc:	08078793          	add	a5,a5,128 # 26000080 <_erodata+0x15ffec80>
10000ec0:	00002737          	lui	a4,0x2
10000ec4:	80970713          	add	a4,a4,-2039 # 1809 <_fstack+0x1409>
10000ec8:	00e7a023          	sw	a4,0(a5)
10000ecc:	260007b7          	lui	a5,0x26000
10000ed0:	08478793          	add	a5,a5,132 # 26000084 <_erodata+0x15ffec84>
10000ed4:	00002737          	lui	a4,0x2
10000ed8:	80970713          	add	a4,a4,-2039 # 1809 <_fstack+0x1409>
10000edc:	00e7a023          	sw	a4,0(a5)
10000ee0:	260007b7          	lui	a5,0x26000
10000ee4:	08878793          	add	a5,a5,136 # 26000088 <_erodata+0x15ffec88>
10000ee8:	00002737          	lui	a4,0x2
10000eec:	80970713          	add	a4,a4,-2039 # 1809 <_fstack+0x1409>
10000ef0:	00e7a023          	sw	a4,0(a5)
10000ef4:	260007b7          	lui	a5,0x26000
10000ef8:	08c78793          	add	a5,a5,140 # 2600008c <_erodata+0x15ffec8c>
10000efc:	00002737          	lui	a4,0x2
10000f00:	80970713          	add	a4,a4,-2039 # 1809 <_fstack+0x1409>
10000f04:	00e7a023          	sw	a4,0(a5)
10000f08:	260007b7          	lui	a5,0x26000
10000f0c:	09078793          	add	a5,a5,144 # 26000090 <_erodata+0x15ffec90>
10000f10:	00002737          	lui	a4,0x2
10000f14:	80970713          	add	a4,a4,-2039 # 1809 <_fstack+0x1409>
10000f18:	00e7a023          	sw	a4,0(a5)
10000f1c:	260007b7          	lui	a5,0x26000
10000f20:	09478793          	add	a5,a5,148 # 26000094 <_erodata+0x15ffec94>
10000f24:	00002737          	lui	a4,0x2
10000f28:	80970713          	add	a4,a4,-2039 # 1809 <_fstack+0x1409>
10000f2c:	00e7a023          	sw	a4,0(a5)
10000f30:	260007b7          	lui	a5,0x26000
10000f34:	09878793          	add	a5,a5,152 # 26000098 <_erodata+0x15ffec98>
10000f38:	00002737          	lui	a4,0x2
10000f3c:	80970713          	add	a4,a4,-2039 # 1809 <_fstack+0x1409>
10000f40:	00e7a023          	sw	a4,0(a5)
10000f44:	260007b7          	lui	a5,0x26000
10000f48:	09c78793          	add	a5,a5,156 # 2600009c <_erodata+0x15ffec9c>
10000f4c:	00002737          	lui	a4,0x2
10000f50:	80970713          	add	a4,a4,-2039 # 1809 <_fstack+0x1409>
10000f54:	00e7a023          	sw	a4,0(a5)
10000f58:	260007b7          	lui	a5,0x26000
10000f5c:	0a078793          	add	a5,a5,160 # 260000a0 <_erodata+0x15ffeca0>
10000f60:	00002737          	lui	a4,0x2
10000f64:	80970713          	add	a4,a4,-2039 # 1809 <_fstack+0x1409>
10000f68:	00e7a023          	sw	a4,0(a5)
10000f6c:	260007b7          	lui	a5,0x26000
10000f70:	0a478793          	add	a5,a5,164 # 260000a4 <_erodata+0x15ffeca4>
10000f74:	00002737          	lui	a4,0x2
10000f78:	80970713          	add	a4,a4,-2039 # 1809 <_fstack+0x1409>
10000f7c:	00e7a023          	sw	a4,0(a5)
10000f80:	260007b7          	lui	a5,0x26000
10000f84:	0a878793          	add	a5,a5,168 # 260000a8 <_erodata+0x15ffeca8>
10000f88:	00002737          	lui	a4,0x2
10000f8c:	80970713          	add	a4,a4,-2039 # 1809 <_fstack+0x1409>
10000f90:	00e7a023          	sw	a4,0(a5)
10000f94:	260007b7          	lui	a5,0x26000
10000f98:	0ac78793          	add	a5,a5,172 # 260000ac <_erodata+0x15ffecac>
10000f9c:	00002737          	lui	a4,0x2
10000fa0:	80970713          	add	a4,a4,-2039 # 1809 <_fstack+0x1409>
10000fa4:	00e7a023          	sw	a4,0(a5)
10000fa8:	260007b7          	lui	a5,0x26000
10000fac:	0b078793          	add	a5,a5,176 # 260000b0 <_erodata+0x15ffecb0>
10000fb0:	00002737          	lui	a4,0x2
10000fb4:	80970713          	add	a4,a4,-2039 # 1809 <_fstack+0x1409>
10000fb8:	00e7a023          	sw	a4,0(a5)
10000fbc:	260007b7          	lui	a5,0x26000
10000fc0:	0b478793          	add	a5,a5,180 # 260000b4 <_erodata+0x15ffecb4>
10000fc4:	00002737          	lui	a4,0x2
10000fc8:	80970713          	add	a4,a4,-2039 # 1809 <_fstack+0x1409>
10000fcc:	00e7a023          	sw	a4,0(a5)
10000fd0:	260007b7          	lui	a5,0x26000
10000fd4:	0b878793          	add	a5,a5,184 # 260000b8 <_erodata+0x15ffecb8>
10000fd8:	00002737          	lui	a4,0x2
10000fdc:	80970713          	add	a4,a4,-2039 # 1809 <_fstack+0x1409>
10000fe0:	00e7a023          	sw	a4,0(a5)
10000fe4:	260007b7          	lui	a5,0x26000
10000fe8:	00100713          	li	a4,1
10000fec:	00e7a023          	sw	a4,0(a5) # 26000000 <_erodata+0x15ffec00>
10000ff0:	00000013          	nop
10000ff4:	260007b7          	lui	a5,0x26000
10000ff8:	0007a703          	lw	a4,0(a5) # 26000000 <_erodata+0x15ffec00>
10000ffc:	00100793          	li	a5,1
10001000:	fef70ae3          	beq	a4,a5,10000ff4 <configure_io+0x300>
10001004:	00000013          	nop
10001008:	00000013          	nop
1000100c:	00c12403          	lw	s0,12(sp)
10001010:	01010113          	add	sp,sp,16
10001014:	00008067          	ret

10001018 <delay>:
10001018:	fe010113          	add	sp,sp,-32
1000101c:	00812e23          	sw	s0,28(sp)
10001020:	02010413          	add	s0,sp,32
10001024:	fea42623          	sw	a0,-20(s0)
10001028:	f00057b7          	lui	a5,0xf0005
1000102c:	00878793          	add	a5,a5,8 # f0005008 <_erodata+0xe0003c08>
10001030:	0007a023          	sw	zero,0(a5)
10001034:	f00057b7          	lui	a5,0xf0005
10001038:	fec42703          	lw	a4,-20(s0)
1000103c:	00e7a023          	sw	a4,0(a5) # f0005000 <_erodata+0xe0003c00>
10001040:	f00057b7          	lui	a5,0xf0005
10001044:	00878793          	add	a5,a5,8 # f0005008 <_erodata+0xe0003c08>
10001048:	00100713          	li	a4,1
1000104c:	00e7a023          	sw	a4,0(a5)
10001050:	f00057b7          	lui	a5,0xf0005
10001054:	00c78793          	add	a5,a5,12 # f000500c <_erodata+0xe0003c0c>
10001058:	00100713          	li	a4,1
1000105c:	00e7a023          	sw	a4,0(a5)
10001060:	0140006f          	j	10001074 <delay+0x5c>
10001064:	f00057b7          	lui	a5,0xf0005
10001068:	00c78793          	add	a5,a5,12 # f000500c <_erodata+0xe0003c0c>
1000106c:	00100713          	li	a4,1
10001070:	00e7a023          	sw	a4,0(a5)
10001074:	f00057b7          	lui	a5,0xf0005
10001078:	01078793          	add	a5,a5,16 # f0005010 <_erodata+0xe0003c10>
1000107c:	0007a783          	lw	a5,0(a5)
10001080:	fe0792e3          	bnez	a5,10001064 <delay+0x4c>
10001084:	00000013          	nop
10001088:	00000013          	nop
1000108c:	01c12403          	lw	s0,28(sp)
10001090:	02010113          	add	sp,sp,32
10001094:	00008067          	ret

10001098 <main>:
10001098:	fe010113          	add	sp,sp,-32
1000109c:	00112e23          	sw	ra,28(sp)
100010a0:	00812c23          	sw	s0,24(sp)
100010a4:	02010413          	add	s0,sp,32
100010a8:	f00037b7          	lui	a5,0xf0003
100010ac:	80078793          	add	a5,a5,-2048 # f0002800 <_erodata+0xe0001400>
100010b0:	00100713          	li	a4,1
100010b4:	00e7a023          	sw	a4,0(a5)
100010b8:	f00037b7          	lui	a5,0xf0003
100010bc:	80478793          	add	a5,a5,-2044 # f0002804 <_erodata+0xe0001404>
100010c0:	0007a023          	sw	zero,0(a5)
100010c4:	f00037b7          	lui	a5,0xf0003
100010c8:	80878793          	add	a5,a5,-2040 # f0002808 <_erodata+0xe0001408>
100010cc:	00100713          	li	a4,1
100010d0:	00e7a023          	sw	a4,0(a5)
100010d4:	f00037b7          	lui	a5,0xf0003
100010d8:	80c78793          	add	a5,a5,-2036 # f000280c <_erodata+0xe000140c>
100010dc:	00100713          	li	a4,1
100010e0:	00e7a023          	sw	a4,0(a5)
100010e4:	c11ff0ef          	jal	10000cf4 <configure_io>
100010e8:	f00067b7          	lui	a5,0xf0006
100010ec:	00100713          	li	a4,1
100010f0:	00e7a023          	sw	a4,0(a5) # f0006000 <_erodata+0xe0004c00>
100010f4:	f00037b7          	lui	a5,0xf0003
100010f8:	00c78793          	add	a5,a5,12 # f000300c <_erodata+0xe0001c0c>
100010fc:	00008737          	lui	a4,0x8
10001100:	fff70713          	add	a4,a4,-1 # 7fff <_fstack+0x7bff>
10001104:	00e7a023          	sw	a4,0(a5)
10001108:	f00037b7          	lui	a5,0xf0003
1000110c:	00878793          	add	a5,a5,8 # f0003008 <_erodata+0xe0001c08>
10001110:	0007a023          	sw	zero,0(a5)
10001114:	f00037b7          	lui	a5,0xf0003
10001118:	00478793          	add	a5,a5,4 # f0003004 <_erodata+0xe0001c04>
1000111c:	0007a023          	sw	zero,0(a5)
10001120:	f00037b7          	lui	a5,0xf0003
10001124:	0007a023          	sw	zero,0(a5) # f0003000 <_erodata+0xe0001c00>
10001128:	f00037b7          	lui	a5,0xf0003
1000112c:	01c78793          	add	a5,a5,28 # f000301c <_erodata+0xe0001c1c>
10001130:	00008737          	lui	a4,0x8
10001134:	fff70713          	add	a4,a4,-1 # 7fff <_fstack+0x7bff>
10001138:	00e7a023          	sw	a4,0(a5)
1000113c:	f00037b7          	lui	a5,0xf0003
10001140:	01878793          	add	a5,a5,24 # f0003018 <_erodata+0xe0001c18>
10001144:	0007a023          	sw	zero,0(a5)
10001148:	f00037b7          	lui	a5,0xf0003
1000114c:	01478793          	add	a5,a5,20 # f0003014 <_erodata+0xe0001c14>
10001150:	0007a023          	sw	zero,0(a5)
10001154:	f00037b7          	lui	a5,0xf0003
10001158:	01078793          	add	a5,a5,16 # f0003010 <_erodata+0xe0001c10>
1000115c:	0007a023          	sw	zero,0(a5)
10001160:	100017b7          	lui	a5,0x10001
10001164:	34078513          	add	a0,a5,832 # 10001340 <_etext+0x40>
10001168:	920ff0ef          	jal	10000288 <print>
1000116c:	835ff0ef          	jal	100009a0 <led_off>
10001170:	300007b7          	lui	a5,0x30000
10001174:	fef42623          	sw	a5,-20(s0)
10001178:	8f9ff0ef          	jal	10000a70 <print_logic>
1000117c:	8b1ff0ef          	jal	10000a2c <led_blink>
10001180:	f00047b7          	lui	a5,0xf0004
10001184:	80078793          	add	a5,a5,-2048 # f0003800 <_erodata+0xe0002400>
10001188:	00100713          	li	a4,1
1000118c:	00e7a023          	sw	a4,0(a5)
10001190:	fec42783          	lw	a5,-20(s0)
10001194:	0ac00713          	li	a4,172
10001198:	00e7a023          	sw	a4,0(a5)
1000119c:	fec42783          	lw	a5,-20(s0)
100011a0:	0007a783          	lw	a5,0(a5)
100011a4:	fef42423          	sw	a5,-24(s0)
100011a8:	fec42783          	lw	a5,-20(s0)
100011ac:	0007a783          	lw	a5,0(a5)
100011b0:	fef42423          	sw	a5,-24(s0)
100011b4:	fec42783          	lw	a5,-20(s0)
100011b8:	0007a783          	lw	a5,0(a5)
100011bc:	fef42423          	sw	a5,-24(s0)
100011c0:	fec42783          	lw	a5,-20(s0)
100011c4:	0007a783          	lw	a5,0(a5)
100011c8:	fef42423          	sw	a5,-24(s0)
100011cc:	f00047b7          	lui	a5,0xf0004
100011d0:	80078793          	add	a5,a5,-2048 # f0003800 <_erodata+0xe0002400>
100011d4:	0007a023          	sw	zero,0(a5)
100011d8:	100017b7          	lui	a5,0x10001
100011dc:	35478513          	add	a0,a5,852 # 10001354 <_etext+0x54>
100011e0:	8a8ff0ef          	jal	10000288 <print>
100011e4:	00800593          	li	a1,8
100011e8:	fe842503          	lw	a0,-24(s0)
100011ec:	8f0ff0ef          	jal	100002dc <print_hex>
100011f0:	100017b7          	lui	a5,0x10001
100011f4:	32078513          	add	a0,a5,800 # 10001320 <_etext+0x20>
100011f8:	890ff0ef          	jal	10000288 <print>
100011fc:	fe842703          	lw	a4,-24(s0)
10001200:	0ac00793          	li	a5,172
10001204:	00f70c63          	beq	a4,a5,1000121c <main+0x184>
10001208:	f98ff0ef          	jal	100009a0 <led_off>
1000120c:	007a17b7          	lui	a5,0x7a1
10001210:	20078513          	add	a0,a5,512 # 7a1200 <_fstack+0x7a0e00>
10001214:	e05ff0ef          	jal	10001018 <delay>
10001218:	f61ff06f          	j	10001178 <main+0xe0>
1000121c:	fc8ff0ef          	jal	100009e4 <led_on>
10001220:	007a17b7          	lui	a5,0x7a1
10001224:	20078513          	add	a0,a5,512 # 7a1200 <_fstack+0x7a0e00>
10001228:	df1ff0ef          	jal	10001018 <delay>
1000122c:	f4dff06f          	j	10001178 <main+0xe0>
	...

Disassembly of section .rodata:

10001300 <_frodata>:
10001300:	3130                	.2byte	0x3130
10001302:	3332                	.2byte	0x3332
10001304:	3534                	.2byte	0x3534
10001306:	3736                	.2byte	0x3736
10001308:	3938                	.2byte	0x3938
1000130a:	6261                	.2byte	0x6261
1000130c:	66656463          	bltu	a0,t1,10001974 <_erodata+0x574>
10001310:	0000                	.2byte	0x0
10001312:	0000                	.2byte	0x0
10001314:	5245564f          	.4byte	0x5245564f
10001318:	0000                	.2byte	0x0
1000131a:	0000                	.2byte	0x0
1000131c:	0020                	.2byte	0x20
1000131e:	0000                	.2byte	0x0
10001320:	000a                	.2byte	0xa
10001322:	0000                	.2byte	0x0
10001324:	6f4c                	.2byte	0x6f4c
10001326:	20636967          	.4byte	0x20636967
1000132a:	6e41                	.2byte	0x6e41
1000132c:	6c61                	.2byte	0x6c61
1000132e:	7a79                	.2byte	0x7a79
10001330:	7265                	.2byte	0x7265
10001332:	4320                	.2byte	0x4320
10001334:	6168                	.2byte	0x6168
10001336:	6e6e                	.2byte	0x6e6e
10001338:	6c65                	.2byte	0x6c65
1000133a:	0020                	.2byte	0x20
1000133c:	203a                	.2byte	0x203a
1000133e:	000a                	.2byte	0xa
10001340:	6548                	.2byte	0x6548
10001342:	6c6c                	.2byte	0x6c6c
10001344:	6f57206f          	j	10074238 <_erodata+0x72e38>
10001348:	6c72                	.2byte	0x6c72
1000134a:	2064                	.2byte	0x2064
1000134c:	202d                	.2byte	0x202d
1000134e:	676d                	.2byte	0x676d
10001350:	746d                	.2byte	0x746d
10001352:	0000                	.2byte	0x0
10001354:	68736957          	.4byte	0x68736957
10001358:	6f62                	.2byte	0x6f62
1000135a:	656e                	.2byte	0x656e
1000135c:	5220                	.2byte	0x5220
1000135e:	6165                	.2byte	0x6165
10001360:	3a64                	.2byte	0x3a64
10001362:	000a                	.2byte	0xa
	...

Disassembly of section .bss:

00000000 <flag>:
	...

Disassembly of section .riscv.attributes:

00000000 <.riscv.attributes>:
   0:	2841                	.2byte	0x2841
   2:	0000                	.2byte	0x0
   4:	7200                	.2byte	0x7200
   6:	7369                	.2byte	0x7369
   8:	01007663          	bgeu	zero,a6,14 <_ebss+0xc>
   c:	001e                	.2byte	0x1e
   e:	0000                	.2byte	0x0
  10:	1004                	.2byte	0x1004
  12:	7205                	.2byte	0x7205
  14:	3376                	.2byte	0x3376
  16:	6932                	.2byte	0x6932
  18:	7032                	.2byte	0x7032
  1a:	5f31                	.2byte	0x5f31
  1c:	697a                	.2byte	0x697a
  1e:	32727363          	bgeu	tp,t2,344 <_ebss+0x33c>
  22:	3070                	.2byte	0x3070
  24:	0800                	.2byte	0x800
  26:	0a01                	.2byte	0xa01
  28:	0b              	Address 0x28 is out of bounds.


Disassembly of section .comment:

00000000 <.comment>:
   0:	3a434347          	.4byte	0x3a434347
   4:	2820                	.2byte	0x2820
   6:	3231                	.2byte	0x3231
   8:	322e                	.2byte	0x322e
   a:	302e                	.2byte	0x302e
   c:	312d                	.2byte	0x312d
   e:	2b34                	.2byte	0x2b34
  10:	3131                	.2byte	0x3131
  12:	2931622b          	.4byte	0x2931622b
  16:	3120                	.2byte	0x3120
  18:	2e32                	.2byte	0x2e32
  1a:	2e32                	.2byte	0x2e32
  1c:	0030                	.2byte	0x30
